[1/829] updated 000020.KS 동화약품
[2/829] updated 000040.KS KR모터스
[3/829] updated 000050.KS 경방
[4/829] updated 000070.KS 삼양홀딩스
[5/829] updated 000080.KS 하이트진로
[6/829] updated 000100.KS 유한양행
[7/829] updated 000120.KS CJ대한통운
[8/829] updated 000140.KS 하이트진로홀딩스
[9/829] updated 000150.KS 두산
[10/829] updated 000180.KS 성창기업지주
[11/829] updated 000210.KS DL
[12/829] updated 000220.KS 유유제약
[13/829] updated 000230.KS 일동홀딩스
[14/829] updated 000240.KS 한국앤컴퍼니
[15/829] updated 000270.KS 기아
[16/829] updated 000300.KS DH오토넥스
[17/829] updated 000320.KS 노루홀딩스
[18/829] updated 000370.KS 한화손해보험
[19/829] updated 000390.KS SP삼화
[20/829] updated 000400.KS 롯데손해보험
[21/829] updated 000430.KS 대원강업
[22/829] updated 000480.KS 시알홀딩스
[23/829] updated 000490.KS 대동
[24/829] updated 000500.KS 가온전선
[25/829] updated 000520.KS 삼일제약
[26/829] updated 000540.KS 흥국화재
[27/829] updated 000590.KS CS홀딩스
[28/829] updated 000640.KS 동아쏘시오홀딩스
[29/829] updated 000650.KS 천일고속
[30/829] updated 000660.KS SK하이닉스
[31/829] updated 000670.KS 영풍
[32/829] updated 000680.KS LS네트웍스
[33/829] updated 000700.KS 유수홀딩스
[34/829] updated 000720.KS 현대건설
[35/829] updated 000760.KS 이화산업
[36/829] updated 000810.KS 삼성화재해상보험
[37/829] updated 000850.KS 화천기공
[38/829] updated 000860.KS 강남제비스코
[39/829] updated 000880.KS 한화
[40/829] updated 000890.KS 보해양조
[41/829] updated 000910.KS 유니온
[42/829] updated 000950.KS 전방
[43/829] updated 000970.KS 한국주철관공업
[44/829] updated 000990.KS DB하이텍
[45/829] updated 001020.KS 페이퍼코리아
[46/829] updated 001040.KS CJ
[47/829] updated 001060.KS JW중외제약
[48/829] updated 001070.KS 대한방직
[49/829] updated 001080.KS 만호제강
[50/829] updated 001120.KS LX인터내셔널
[51/829] updated 001130.KS 대한제분
[52/829] updated 001200.KS 유진증권
[53/829] updated 001210.KS 금호전기
[54/829] updated 001230.KS 동국홀딩스
[55/829] updated 001250.KS GS글로벌
[56/829] updated 001260.KS 남광토건
[57/829] updated 001270.KS 부국증권
[58/829] updated 001290.KS 상상인증권
[59/829] updated 001340.KS PKC
[60/829] updated 001360.KS 삼성제약
[61/829] updated 001380.KS SG글로벌
[62/829] updated 001390.KS KG케미칼
[63/829] updated 001420.KS 태원물산
[64/829] updated 001430.KS 세아베스틸지주
[65/829] updated 001440.KS 대한전선
[66/829] updated 001450.KS 현대해상
[67/829] updated 001460.KS BYC
[68/829] updated 001500.KS 현대차증권
[69/829] updated 001510.KS SK증권
[70/829] updated 001520.KS 동양
[71/829] updated 001530.KS 디아이동일
[72/829] updated 001550.KS 조비
[73/829] updated 001560.KS 제일연마
[74/829] updated 001620.KS 케이비아이동국실업
[75/829] updated 001630.KS 종근당홀딩스
[76/829] updated 001680.KS 대상
[77/829] updated 001720.KS 신영증권
[78/829] updated 001740.KS SK네트웍스
[79/829] updated 001750.KS 한양증권
[80/829] updated 001770.KS SHD
[81/829] updated 001780.KS 알루코
[82/829] updated 001790.KS 대한제당
[83/829] updated 001800.KS 오리온홀딩스
[84/829] updated 001820.KS 삼화콘덴서공업
[85/829] updated 001940.KS KISCO홀딩스
[86/829] updated 002020.KS 코오롱
[87/829] updated 002030.KS 아세아
[88/829] updated 002070.KS 비비안
[89/829] updated 002100.KS 경농
[90/829] updated 002140.KS 고려산업
[91/829] updated 002150.KS 도화엔지니어링
[92/829] updated 002170.KS SYTS
[93/829] updated 002200.KS 한국수출포장공업
[94/829] updated 002220.KS 한일철강
[95/829] updated 002240.KS 고려제강
[96/829] updated 002310.KS 아세아제지
[97/829] updated 002320.KS 한진
[98/829] updated 002350.KS 넥센타이어
[99/829] updated 002360.KS SH에너지화학
[100/829] updated 002380.KS 케이씨씨
[101/829] updated 002390.KS 한독
[102/829] updated 002420.KS 세기상사
[103/829] updated 002450.KS 삼익악기
[104/829] updated 002460.KS HS화성
[105/829] updated 002600.KS 조흥
[106/829] updated 002620.KS 제일파마홀딩스
[107/829] updated 002630.KS 오리엔트바이오
[108/829] updated 002690.KS 동일제강
[109/829] updated 002700.KS 신일전자
[110/829] updated 002710.KS TCC스틸
[111/829] updated 002720.KS 국제약품
[112/829] updated 002760.KS 보락
[113/829] updated 002780.KS 진흥기업
[114/829] updated 002790.KS 아모레퍼시픽홀딩스
[115/829] updated 002810.KS 삼영무역
[116/829] updated 002820.KS SUN&L
[117/829] updated 002840.KS 미원상사
[118/829] updated 002870.KS 신풍
[119/829] updated 002880.KS 디와이에이
[120/829] updated 002900.KS TYM
[121/829] updated 002920.KS 유성기업
[122/829] updated 002960.KS 한국쉘석유
[123/829] updated 002990.KS 금호건설
[124/829] updated 003000.KS 부광약품
[125/829] updated 003010.KS 혜인
[126/829] updated 003030.KS 세아제강지주
[127/829] updated 003060.KS 에이프로젠바이오로직스
[128/829] updated 003070.KS 코오롱글로벌
[129/829] updated 003080.KS SB성보
[130/829] updated 003090.KS 대웅
[131/829] updated 0030R0.KS 대신밸류리츠
[132/829] updated 003120.KS 일성아이에스
[133/829] updated 003160.KS 디아이
[134/829] updated 003200.KS 일신방직
[135/829] updated 003220.KS 대원제약
[136/829] updated 003230.KS 삼양식품
[137/829] updated 003240.KS 태광산업
[138/829] updated 003280.KS 흥아해운
[139/829] updated 003300.KS 한일홀딩스
[140/829] updated 003350.KS 한국화장품제조
[141/829] updated 003460.KS 유화증권
[142/829] updated 003470.KS 유안타증권
[143/829] updated 003480.KS 한진중공업홀딩스
[144/829] updated 003490.KS 대한항공
[145/829] updated 003520.KS 영진약품
[146/829] updated 003530.KS 한화투자증권
[147/829] updated 003540.KS 대신증권
[148/829] updated 003550.KS LG
[149/829] updated 003570.KS SNT다이내믹스
[150/829] updated 003580.KS HLB글로벌
[151/829] updated 003610.KS 방림
[152/829] updated 003620.KS KG모빌리티
[153/829] updated 003650.KS 미창석유공업
[154/829] updated 003670.KS 포스코퓨처엠
[155/829] updated 003680.KS 한성기업
[156/829] updated 003690.KS 코리안리
[157/829] updated 003720.KS 삼영
[158/829] updated 003780.KS 진양산업
[159/829] updated 003830.KS 대한화섬
[160/829] updated 003850.KS 보령
[161/829] updated 003920.KS 남양유업
[162/829] updated 003960.KS 사조대림
[163/829] updated 004000.KS 롯데정밀화학
[164/829] updated 004020.KS 현대제철
[165/829] updated 004060.KS SG세계물산
[166/829] updated 004080.KS 신흥
[167/829] updated 004090.KS 한국석유공업
[168/829] updated 004100.KS 태양금속공업
[169/829] updated 004140.KS 동방
[170/829] updated 004150.KS 한솔홀딩스
[171/829] updated 004170.KS 신세계
[172/829] updated 004250.KS 엔피씨
[173/829] updated 004270.KS 남성
[174/829] updated 004310.KS 현대약품
[175/829] updated 004360.KS 세방
[176/829] updated 004370.KS 농심
[177/829] updated 004380.KS 삼익THK
[178/829] updated 004410.KS 서울식품공업
[179/829] updated 004430.KS 송원산업
[180/829] updated 004440.KS 삼일씨엔에스
[181/829] updated 004450.KS 삼화왕관
[182/829] updated 004490.KS 세방전지
[183/829] updated 004540.KS 깨끗한나라
[184/829] updated 004560.KS 현대비앤지스틸
[185/829] updated 004690.KS 삼천리
[186/829] updated 004700.KS 조광피혁
[187/829] updated 004710.KS 한솔테크닉스
[188/829] updated 004720.KS 팜젠사이언스
[189/829] updated 004770.KS 써니전자
[190/829] updated 004800.KS 효성
[191/829] updated 004830.KS 덕성
[192/829] updated 004840.KS DRB동일
[193/829] updated 004870.KS 티웨이홀딩스
[194/829] updated 004890.KS 동일산업
[195/829] updated 004910.KS 조광페인트
[196/829] updated 004920.KS 씨아이테크
[197/829] updated 004960.KS 한신공영
[198/829] updated 004970.KS 신라교역
[199/829] updated 004980.KS 성신양회
[200/829] updated 004990.KS 롯데지주
[201/829] updated 005010.KS 휴스틸
[202/829] updated 005070.KS 코스모신소재
[203/829] updated 005090.KS SGC에너지
[204/829] updated 005180.KS 빙그레
[205/829] updated 005250.KS 녹십자홀딩스
[206/829] updated 005300.KS 롯데칠성음료
[207/829] updated 005320.KS 온타이드
[208/829] updated 005360.KS 모나미
[209/829] updated 005380.KS 현대자동차
[210/829] updated 005420.KS 코스모화학
[211/829] updated 005430.KS 한국공항
[212/829] updated 005440.KS 현대지에프홀딩스
[213/829] updated 005490.KS POSCO홀딩스
[214/829] updated 005500.KS 삼진제약
[215/829] updated 005610.KS 삼립
[216/829] updated 005680.KS 삼영전자공업
[217/829] updated 005690.KS 파미셀
[218/829] updated 005720.KS 넥센
[219/829] updated 005740.KS 크라운해태홀딩스
[220/829] updated 005750.KS 대림바스
[221/829] updated 005800.KS 신영와코루
[222/829] updated 005810.KS 풍산홀딩스
[223/829] updated 005820.KS 원림
[224/829] updated 005830.KS DB손해보험
[225/829] updated 005850.KS 에스엘
[226/829] updated 005870.KS 휴니드테크놀러지스
[227/829] updated 005880.KS 대한해운
[228/829] updated 005930.KS 삼성전자
[229/829] updated 005940.KS NH투자증권
[230/829] updated 005950.KS 이수화학
[231/829] updated 005960.KS 동부건설
[232/829] updated 006040.KS 동원산업
[233/829] updated 006060.KS 화승인더스트리
[234/829] updated 006090.KS 사조오양
[235/829] updated 006110.KS 삼아알미늄
[236/829] updated 006120.KS SK디스커버리
[237/829] updated 006200.KS 한국전자홀딩스
[238/829] updated 006220.KS 제주은행
[239/829] updated 006260.KS LS
[240/829] updated 006280.KS 녹십자
[241/829] updated 006340.KS 대원전선
[242/829] updated 006360.KS GS건설
[243/829] updated 006370.KS 대구백화점
[244/829] updated 006400.KS 삼성SDI
[245/829] updated 006490.KS 프리티
[246/829] updated 006570.KS 대림통상
[247/829] updated 006650.KS 대한유화
[248/829] updated 006660.KS 삼성공조
[249/829] updated 006740.KS 블루산업개발
[250/829] updated 006800.KS 미래에셋증권
[251/829] updated 006840.KS AK홀딩스
[252/829] updated 006880.KS 신송홀딩스
[253/829] updated 006890.KS 태경케미컬
[254/829] updated 006980.KS 우성
[255/829] updated 007070.KS GS리테일
[256/829] updated 007110.KS 일신석재
[257/829] updated 007120.KS 미래아이앤지
[258/829] updated 007160.KS 사조산업
[259/829] updated 007210.KS 벽산
[260/829] updated 007280.KS 한국특강
[261/829] updated 007310.KS 오뚜기
[262/829] updated 007340.KS DN오토모티브
[263/829] updated 007460.KS 에이프로젠
[264/829] updated 007540.KS 샘표
[265/829] updated 007570.KS 일양약품
[266/829] updated 007590.KS 동방아그로
[267/829] updated 007610.KS 선도전기
[268/829] updated 007660.KS 이수페타시스
[269/829] updated 007690.KS 국도화학
[270/829] updated 007700.KS F&F 홀딩스
[271/829] updated 007810.KS 코리아써키트
[272/829] updated 007860.KS 서연
[273/829] updated 007980.KS TP
[274/829] updated 008040.KS 사조동아원
[275/829] updated 008060.KS 대덕
[276/829] updated 008250.KS 이건산업
[277/829] updated 008260.KS NI스틸
[278/829] updated 008350.KS 남선알미늄
[279/829] updated 008420.KS 문배철강
[280/829] updated 008490.KS 서흥
[281/829] updated 008500.KS 일정실업
[282/829] updated 008600.KS 윌비스
[283/829] updated 008700.KS 아남전자
[284/829] updated 008730.KS 율촌화학
[285/829] updated 008770.KS 호텔신라
[286/829] updated 008870.KS 금비
[287/829] updated 008930.KS 한미사이언스
[288/829] updated 008970.KS KBI동양철관
[289/829] updated 009070.KS 케이씨티시
[290/829] updated 009140.KS 경인전자
[291/829] updated 009150.KS 삼성전기
[292/829] updated 009160.KS SIMPAC
[293/829] updated 009180.KS 한솔로지스틱스
[294/829] updated 009190.KS 대양금속
[295/829] updated 009200.KS 무림페이퍼
[296/829] updated 009240.KS 한샘
[297/829] updated 009270.KS 신원
[298/829] updated 009290.KS 광동제약
[299/829] updated 009310.KS 참엔지니어링
[300/829] updated 009320.KS 아진전자부품
[301/829] updated 009410.KS 태영건설
[302/829] updated 009420.KS 한올바이오파마
[303/829] updated 009450.KS 경동나비엔
[304/829] updated 009460.KS 한창제지
[305/829] updated 009470.KS 삼화전기
[306/829] updated 009540.KS HD한국조선해양
[307/829] updated 009580.KS 무림P&P
[308/829] updated 009680.KS 모토닉
[309/829] updated 009770.KS 삼정펄프
[310/829] updated 009810.KS 플레이그램
[311/829] updated 009830.KS 한화솔루션
[312/829] updated 009900.KS 명신산업
[313/829] updated 009970.KS 영원무역홀딩스
[314/829] updated 010040.KS 한국내화
[315/829] updated 010060.KS OCI홀딩스
[316/829] updated 010100.KS 한국무브넥스
[317/829] updated 010120.KS 엘에스일렉트릭
[318/829] updated 010130.KS 고려아연
[319/829] updated 010140.KS 삼성중공업
[320/829] updated 010400.KS 우진아이엔에스
[321/829] updated 010580.KS 에스엠벡셀
[322/829] updated 010640.KS 진양폴리우레탄
[323/829] updated 010660.KS 화천기계
[324/829] updated 010690.KS 화신
[325/829] updated 010770.KS 평화홀딩스
[326/829] updated 010780.KS 아이에스동서
[327/829] updated 010820.KS 퍼스텍
[328/829] updated 010950.KS S-Oil
[329/829] updated 010960.KS 삼호개발
[330/829] updated 011000.KS 진원생명과학
[331/829] updated 011070.KS LG이노텍
[332/829] updated 011090.KS 에넥스
[333/829] updated 011150.KS CJ씨푸드
[334/829] updated 011170.KS 롯데케미칼
[335/829] updated 011200.KS HMM
[336/829] updated 011210.KS 현대위아
[337/829] updated 011230.KS 삼화전자공업
[338/829] updated 011280.KS 태림포장
[339/829] updated 011300.KS 우성머티리얼스
[340/829] updated 011330.KS 유니켐
[341/829] updated 011390.KS 부산산업
[342/829] updated 011420.KS 갤럭시아에스엠
[343/829] updated 011500.KS 한농화성
[344/829] updated 011690.KS 와이투솔루션
[345/829] updated 011700.KS 한신기계공업
[346/829] updated 011760.KS 현대코퍼레이션
[347/829] updated 011780.KS 금호석유화학
[348/829] updated 011790.KS SKC
[349/829] updated 011810.KS STX
[350/829] updated 011930.KS 신성이엔지
[351/829] updated 012030.KS DB
[352/829] updated 0120G0.KS 삼양바이오팜
[353/829] updated 012160.KS 영흥
[354/829] updated 012170.KS 아센디오
[355/829] updated 012200.KS 계양전기
[356/829] updated 012280.KS 영화금속
[357/829] updated 012320.KS 경동인베스트
[358/829] updated 012330.KS 현대모비스
[359/829] updated 012450.KS 한화에어로스페이스
[360/829] updated 012510.KS 더존비즈온
[361/829] updated 012610.KS 경인양행
[362/829] updated 012630.KS HDC
[363/829] updated 012690.KS 모나리자
[364/829] updated 0126Z0.KS 삼성에피스홀딩스
[365/829] updated 012750.KS 에스원
[366/829] updated 012800.KS 대창
[367/829] updated 013000.KS 세우글로벌
[368/829] updated 013360.KS 일성건설
[369/829] updated 013520.KS 화승코퍼레이션
[370/829] updated 013570.KS 디와이
[371/829] updated 013580.KS 계룡건설산업
[372/829] updated 013700.KS 까뮤이앤씨
[373/829] updated 013870.KS 지엠비코리아
[374/829] updated 013890.KS 지누스
[375/829] updated 014130.KS 한익스프레스
[376/829] updated 014160.KS 대영포장
[377/829] updated 014280.KS 금강공업
[378/829] updated 014440.KS 영보화학
[379/829] updated 014530.KS 극동유화
[380/829] updated 014580.KS 태경비케이
[381/829] updated 014680.KS 한솔케미칼
[382/829] updated 014710.KS 사조씨푸드
[383/829] updated 014790.KS HL D&I
[384/829] updated 014820.KS 동원시스템즈
[385/829] updated 014830.KS 유니드
[386/829] updated 014910.KS 성문전자
[387/829] updated 014990.KS 인디에프
[388/829] updated 015020.KS 이스타코
[389/829] updated 015230.KS 대창단조
[390/829] updated 015260.KS 에이엔피
[391/829] updated 015360.KS INVENI
[392/829] updated 015590.KS DKME
[393/829] updated 015760.KS 한국전력공사
[394/829] updated 015860.KS 일진홀딩스
[395/829] updated 015890.KS 태경산업
[396/829] updated 016090.KS 대현
[397/829] updated 016360.KS 삼성증권
[398/829] updated 016380.KS KG스틸
[399/829] updated 016450.KS 한세예스24홀딩스
[400/829] updated 016580.KS 환인제약
[401/829] updated 016590.KS 신대양제지
[402/829] updated 016610.KS DB증권
[403/829] updated 016710.KS 대성홀딩스
[404/829] updated 016740.KS 두올
[405/829] updated 016800.KS 퍼시스
[406/829] updated 016880.KS 웅진
[407/829] updated 017040.KS 광명전기
[408/829] updated 017180.KS 명문제약
[409/829] updated 017370.KS 우신시스템
[410/829] updated 017390.KS 서울도시가스
[411/829] updated 017550.KS 수산세보틱스
[412/829] updated 017670.KS SK텔레콤
[413/829] updated 017800.KS 현대엘리베이터
[414/829] updated 017810.KS 풀무원
[415/829] updated 017860.KS DS단석
[416/829] updated 017900.KS 광전자
[417/829] updated 017940.KS E1
[418/829] updated 017960.KS 한국카본
[419/829] updated 018250.KS 애경산업
[420/829] updated 018260.KS 삼성에스디에스
[421/829] updated 018470.KS 조일알미늄
[422/829] updated 018500.KS 동원금속
[423/829] updated 018670.KS SK가스
[424/829] updated 018880.KS 한온시스템
[425/829] updated 019170.KS 신풍제약
[426/829] updated 019180.KS 티에이치엔
[427/829] updated 019490.KS 엑시큐어하이트론
[428/829] updated 019680.KS 대교
[429/829] updated 020000.KS 한섬
[430/829] updated 020120.KS 키다리스튜디오
[431/829] updated 020150.KS 롯데에너지머티리얼즈
[432/829] updated 020560.KS 아시아나항공
[433/829] updated 020760.KS 일진디스플
[434/829] updated 021050.KS 서원
[435/829] updated 021240.KS 코웨이
[436/829] updated 021820.KS 세원정공
[437/829] updated 022100.KS 포스코DX
[438/829] updated 023000.KS 삼원강재
[439/829] updated 023150.KS MH에탄올
[440/829] updated 023350.KS 한국종합기술
[441/829] updated 023450.KS 동남합성
[442/829] updated 023530.KS 롯데쇼핑
[443/829] updated 023590.KS 다우기술
[444/829] updated 023800.KS 인지컨트롤스
[445/829] updated 023810.KS 인팩
[446/829] updated 023960.KS 에쓰씨엔지니어링
[447/829] updated 024070.KS WISCOM
[448/829] updated 024090.KS 디씨엠
[449/829] updated 024110.KS 기업은행
[450/829] updated 024720.KS 콜마홀딩스
[451/829] updated 024890.KS 대원화성
[452/829] updated 024900.KS 디와이덕양
[453/829] updated 025000.KS KPX케미칼
[454/829] updated 025530.KS 에스제이엠홀딩스
[455/829] updated 025540.KS 한국단자공업
[456/829] updated 025560.KS 미래산업
[457/829] updated 025620.KS 차AI헬스케어
[458/829] updated 025750.KS 한솔홈데코
[459/829] updated 025820.KS 이구산업
[460/829] updated 025860.KS 남해화학
[461/829] updated 025890.KS 한국주강
[462/829] updated 026890.KS 스틱인베스트먼트
[463/829] updated 026940.KS 부국철강
[464/829] updated 026960.KS 동서
[465/829] updated 027410.KS BGF
[466/829] updated 027740.KS 마니커
[467/829] updated 027970.KS 한국제지
[468/829] updated 028050.KS 삼성E&A
[469/829] updated 028100.KS 동아지질
[470/829] updated 028260.KS 삼성물산
[471/829] updated 028670.KS 팬오션
[472/829] updated 029460.KS 케이씨
[473/829] updated 029530.KS 신도리코
[474/829] updated 029780.KS 삼성카드
[475/829] updated 030000.KS 제일기획
[476/829] updated 030190.KS NICE평가정보
[477/829] updated 030200.KS 케이티
[478/829] updated 030210.KS 다올투자증권
[479/829] updated 030610.KS 교보증권
[480/829] updated 030720.KS 동원수산
[481/829] updated 031210.KS 서울보증보험
[482/829] updated 031430.KS 신세계인터내셔날
[483/829] updated 031440.KS 신세계푸드
[484/829] updated 031820.KS 아이티센씨티에스
[485/829] updated 032350.KS 롯데관광개발
[486/829] updated 032560.KS 황금에스티
[487/829] updated 032640.KS LG유플러스
[488/829] updated 032830.KS 삼성생명
[489/829] updated 033240.KS 자화전자
[490/829] updated 033250.KS 체시스
[491/829] updated 033270.KS 유나이티드
[492/829] updated 033530.KS SJG세종
[493/829] updated 033780.KS 케이티앤지
[494/829] updated 033920.KS 무학
[495/829] updated 034020.KS 두산에너빌리티
[496/829] updated 034120.KS SBS
[497/829] updated 034220.KS LG디스플레이
[498/829] updated 034230.KS 파라다이스
[499/829] updated 034310.KS NICE
[500/829] updated 034590.KS 인천도시가스
[501/829] updated 034730.KS SK
[502/829] updated 034830.KS 한국토지신탁
[503/829] updated 035000.KS HS애드
[504/829] updated 035150.KS 백산
[505/829] updated 035250.KS 강원랜드
[506/829] updated 035420.KS NAVER
[507/829] updated 035510.KS 신세계I&C
[508/829] updated 035720.KS 카카오
[509/829] updated 036420.KS 콘텐트리중앙
[510/829] updated 036460.KS 한국가스공사
[511/829] updated 036530.KS SNT홀딩스
[512/829] updated 036570.KS NC
[513/829] updated 036580.KS 팜스코
[514/829] updated 037270.KS YG PLUS
[515/829] updated 037560.KS LG헬로비전
[516/829] updated 037710.KS 광주신세계
[517/829] updated 039130.KS 하나투어
[518/829] updated 039490.KS 키움증권
[519/829] updated 039570.KS HDC랩스
[520/829] updated 041650.KS 상신브레이크
[521/829] updated 042660.KS 한화오션
[522/829] updated 042700.KS 한미반도체
[523/829] updated 044380.KS 주연테크
[524/829] updated 044450.KS KSS해운
[525/829] updated 044820.KS 코스맥스비티아이
[526/829] updated 047040.KS 대우건설
[527/829] updated 047050.KS 포스코인터내셔널
[528/829] updated 047400.KS 유니온머티리얼
[529/829] updated 047810.KS 한국항공우주
[530/829] updated 049800.KS 우진플라임
[531/829] updated 051600.KS 한전KPS
[532/829] updated 051630.KS 진양화학
[533/829] updated 051900.KS LG생활건강
[534/829] updated 051910.KS LG화학
[535/829] updated 052690.KS 한전기술
[536/829] updated 053210.KS 케이티스카이라이프
[537/829] updated 053690.KS 한미글로벌
[538/829] updated 055490.KS 테이팩스
[539/829] updated 055550.KS 신한지주
[540/829] updated 057050.KS 현대홈쇼핑
[541/829] updated 058430.KS 포스코스틸리온
[542/829] updated 058650.KS 세아홀딩스
[543/829] updated 058730.KS 다스코
[544/829] updated 058850.KS KTcs
[545/829] updated 058860.KS KTis
[546/829] updated 058970.KS 엠로
[547/829] updated 060980.KS HL홀딩스
[548/829] updated 062040.KS 산일전기
[549/829] updated 063160.KS 종근당바이오
[550/829] updated 064350.KS 현대로템
[551/829] updated 064400.KS LG씨엔에스
[552/829] updated 064960.KS SNT모티브
[553/829] updated 066570.KS LG전자
[554/829] updated 066970.KS 엘앤에프
[555/829] updated 067830.KS 세이브존I&C
[556/829] updated 068270.KS 셀트리온
[557/829] updated 068290.KS 삼성출판사
[558/829] updated 069260.KS 티케이지휴켐스
[559/829] updated 069460.KS 대호에이엘
[560/829] updated 069620.KS 대웅제약
[561/829] updated 069640.KS 한세엠케이
[562/829] updated 069730.KS DSR제강
[563/829] updated 069960.KS 현대백화점
[564/829] updated 070960.KS 모나용평
[565/829] updated 071050.KS 한국금융지주
[566/829] updated 071090.KS 하이스틸
[567/829] updated 071320.KS 지역난방공사
[568/829] updated 071840.KS 롯데하이마트
[569/829] updated 071950.KS 코아스
[570/829] updated 071970.KS HD현대마린엔진
[571/829] updated 072130.KS 유엔젤
[572/829] updated 072710.KS 농심홀딩스
[573/829] updated 073240.KS 금호타이어
[574/829] updated 074610.KS 이엔플러스
[575/829] updated 075180.KS 새론오토모티브
[576/829] updated 075580.KS 세진중공업
[577/829] updated 077500.KS 유니퀘스트
[578/829] updated 077970.KS STX엔진
[579/829] updated 078000.KS 텔코웨어
[580/829] updated 078520.KS 에이블씨엔씨
[581/829] updated 078930.KS GS
[582/829] updated 079160.KS CJ CGV
[583/829] updated 079430.KS 현대리바트
[584/829] updated 079550.KS LIG디펜스앤에어로스페이스
[585/829] updated 079900.KS 전진건설로봇
[586/829] updated 079980.KS 휴비스
[587/829] updated 081000.KS 일진다이아
[588/829] updated 081660.KS 미스토홀딩스
[589/829] updated 082640.KS 동양생명
[590/829] updated 082740.KS 한화엔진
[591/829] updated 083420.KS 그린케미칼
[592/829] updated 084010.KS 대한제강
[593/829] updated 084670.KS 동양고속
[594/829] updated 084680.KS 이월드
[595/829] updated 084690.KS 대상홀딩스
[596/829] updated 084870.KS 티비에이치글로벌
[597/829] updated 085310.KS 엔케이
[598/829] updated 085620.KS 미래에셋생명
[599/829] updated 086280.KS 현대글로비스
[600/829] updated 086790.KS 하나금융지주
[601/829] updated 088260.KS 이리츠코크렙
[602/829] updated 088350.KS 한화생명
[603/829] updated 088790.KS 진도
[604/829] updated 088980.KS 맥쿼리인프라
[605/829] updated 089470.KS HDC현대EP
[606/829] updated 089590.KS 제주항공
[607/829] updated 089860.KS 롯데렌탈
[608/829] updated 090080.KS 평화산업
[609/829] updated 090350.KS 노루페인트
[610/829] updated 090370.KS 메타랩스
[611/829] updated 090430.KS 아모레퍼시픽
[612/829] updated 090460.KS 비에이치
[613/829] updated 091810.KS 트리니티항공
[614/829] updated 092200.KS 디아이씨
[615/829] updated 092220.KS KEC
[616/829] updated 092230.KS KPX홀딩스
[617/829] updated 092440.KS 기신정기
[618/829] updated 092780.KS DYP
[619/829] updated 092790.KS 넥스틸
[620/829] updated 093050.KS LF
[621/829] updated 093240.KS 형지엘리트
[622/829] updated 093370.KS 후성
[623/829] updated 094280.KS 효성 ITX
[624/829] updated 094800.KS 맵스리얼티
[625/829] updated 095570.KS AJ네트웍스
[626/829] updated 095720.KS 웅진씽크빅
[627/829] updated 096760.KS JW홀딩스
[628/829] updated 096770.KS SK이노베이션
[629/829] updated 097230.KS HJ중공업
[630/829] updated 097520.KS 엠씨넥스
[631/829] updated 097950.KS CJ제일제당
[632/829] updated 100090.KS SK오션플랜트
[633/829] updated 100220.KS 비상교육
[634/829] updated 100250.KS 진양홀딩스
[635/829] updated 100840.KS SNT에너지
[636/829] updated 101140.KS 인바이오젠
[637/829] updated 101530.KS 해태제과식품
[638/829] updated 102260.KS 동성케미컬
[639/829] updated 102460.KS 이연제약
[640/829] updated 103140.KS 풍산
[641/829] updated 103590.KS 일진전기
[642/829] updated 104700.KS 한국철강
[643/829] updated 105560.KS KB금융
[644/829] updated 105630.KS 한세실업
[645/829] updated 105840.KS 우진
[646/829] updated 107590.KS 미원홀딩스
[647/829] updated 108320.KS LX세미콘
[648/829] updated 108670.KS LX하우시스
[649/829] updated 109070.KS 주성코퍼레이션
[650/829] updated 111110.KS 호전실업
[651/829] updated 111380.KS 동인기연
[652/829] updated 111770.KS 영원무역
[653/829] updated 112610.KS 씨에스윈드
[654/829] updated 114090.KS GKL
[655/829] updated 117580.KS 대성에너지
[656/829] updated 118000.KS 메타케어
[657/829] updated 120030.KS 조선선재
[658/829] updated 120110.KS 코오롱인더
[659/829] updated 122900.KS 아이마켓코리아
[660/829] updated 123690.KS 한국화장품
[661/829] updated 123700.KS 에스제이엠
[662/829] updated 123890.KS 한국자산신탁
[663/829] updated 126560.KS 현대퓨처넷
[664/829] updated 126720.KS 수산인더스트리
[665/829] updated 128820.KS 대성산업
[666/829] updated 128940.KS 한미약품
[667/829] updated 129260.KS 인터지스
[668/829] updated 130660.KS 한전산업
[669/829] updated 133820.KS 화인베스틸
[670/829] updated 134380.KS 미원화학
[671/829] updated 134790.KS 시디즈
[672/829] updated 136490.KS 선진
[673/829] updated 137310.KS 에스디바이오센서
[674/829] updated 138040.KS 메리츠금융지주
[675/829] updated 138930.KS BNK금융지주
[676/829] updated 139130.KS iM금융지주
[677/829] updated 139480.KS 이마트
[678/829] updated 139990.KS 아주스틸
[679/829] updated 143210.KS 핸즈코퍼레이션
[680/829] updated 145210.KS 다이나믹디자인
[681/829] updated 145270.KS 케이탑리츠
[682/829] updated 145720.KS 덴티움
[683/829] updated 145990.KS 삼양사
[684/829] updated 155660.KS DSR
[685/829] updated 161000.KS 애경케미칼
[686/829] updated 161390.KS 한국타이어앤테크놀로지
[687/829] updated 161890.KS 한국콜마
[688/829] updated 163560.KS 동일고무벨트
[689/829] updated 170900.KS 동아에스티
[690/829] updated 175330.KS JB금융지주
[691/829] updated 178920.KS PI첨단소재
[692/829] updated 180640.KS 한진칼
[693/829] updated 181710.KS NHN
[694/829] updated 183190.KS 아세아시멘트
[695/829] updated 185750.KS 종근당
[696/829] updated 192080.KS 더블유게임즈
[697/829] updated 192400.KS 쿠쿠홀딩스
[698/829] updated 192650.KS 드림텍
[699/829] updated 192820.KS 코스맥스
[700/829] updated 194370.KS 제이에스코퍼레이션
[701/829] updated 195870.KS 해성디에스
[702/829] updated 200880.KS 서연이화
[703/829] updated 204320.KS HL만도
[704/829] updated 207940.KS 삼성바이오로직스
[705/829] updated 210540.KS 디와이파워
[706/829] updated 210980.KS SK디앤디
[707/829] updated 213500.KS 한솔제지
[708/829] updated 214320.KS 이노션
[709/829] updated 214330.KS 금호에이치티
[710/829] updated 214390.KS 경보제약
[711/829] updated 214420.KS 토니모리
[712/829] updated 217590.KS 티엠씨
[713/829] updated 226320.KS 잇츠한불
[714/829] updated 227840.KS 현대코퍼레이션홀딩스
[715/829] updated 229640.KS LS에코에너지
[716/829] updated 234080.KS JW생명과학
[717/829] updated 241560.KS 두산밥캣
[718/829] updated 241590.KS 화승엔터프라이즈
[719/829] updated 244920.KS 에이플러스에셋
[720/829] updated 248070.KS 솔루엠
[721/829] updated 248170.KS 샘표식품
[722/829] updated 249420.KS 일동제약
[723/829] updated 251270.KS 넷마블
[724/829] updated 259960.KS 크래프톤
[725/829] updated 264900.KS 크라운제과
[726/829] updated 267250.KS HD현대
[727/829] updated 267260.KS HD현대일렉트릭
[728/829] updated 267270.KS HD건설기계
[729/829] updated 267290.KS 경동도시가스
[730/829] updated 267850.KS 아시아나IDT
[731/829] updated 268280.KS 미원에스씨
[732/829] updated 271560.KS 오리온
[733/829] updated 271940.KS 일진하이솔루스
[734/829] updated 271980.KS 제일약품
[735/829] updated 272210.KS 한화시스템
[736/829] updated 272450.KS 진에어
[737/829] updated 272550.KS 삼양패키징
[738/829] updated 278470.KS 에이피알
[739/829] updated 279570.KS 케이뱅크
[740/829] updated 280360.KS 롯데웰푸드
[741/829] updated 281820.KS 케이씨텍
[742/829] updated 282330.KS BGF리테일
[743/829] updated 284740.KS 쿠쿠홈시스
[744/829] updated 285130.KS SK케미칼
[745/829] updated 286940.KS 롯데이노베이트
[746/829] updated 293480.KS 하나제약
[747/829] updated 293940.KS 신한알파리츠
[748/829] updated 294870.KS IPARK현대산업개발
[749/829] updated 298000.KS 효성화학
[750/829] updated 298020.KS 효성티앤씨
[751/829] updated 298040.KS 효성중공업
[752/829] updated 298050.KS HS효성첨단소재
[753/829] updated 298690.KS 에어부산
[754/829] updated 300720.KS 한일시멘트
[755/829] updated 302440.KS SK바이오사이언스
[756/829] updated 306200.KS 세아제강
[757/829] updated 307950.KS 현대오토에버
[758/829] updated 308170.KS 씨티알모빌리티
[759/829] updated 316140.KS 우리금융지주
[760/829] updated 317400.KS 자이에스앤디
[761/829] updated 317450.KS 명인제약
[762/829] updated 322000.KS HD현대에너지솔루션
[763/829] updated 323410.KS 카카오뱅크
[764/829] updated 326030.KS 에스케이바이오팜
[765/829] updated 329180.KS HD현대중공업
[766/829] updated 330590.KS 롯데리츠
[767/829] updated 334890.KS 이지스밸류플러스리츠
[768/829] updated 336260.KS 두산퓨얼셀
[769/829] updated 336370.KS 솔루스첨단소재
[770/829] updated 338100.KS NH프라임리츠
[771/829] updated 339770.KS 교촌에프앤비
[772/829] updated 344820.KS 케이씨씨글라스
[773/829] updated 348950.KS 제이알글로벌리츠
[774/829] updated 350520.KS 이지스레지던스리츠
[775/829] updated 352820.KS 하이브
[776/829] updated 353200.KS 대덕전자
[777/829] updated 357120.KS 코람코라이프인프라리츠
[778/829] updated 357250.KS 미래에셋맵스리츠
[779/829] updated 357430.KS 마스턴프리미어리츠
[780/829] updated 361610.KS SK아이이테크놀로지
[781/829] updated 363280.KS 티와이홀딩스
[782/829] updated 365550.KS ESR켄달스퀘어리츠
[783/829] updated 372910.KS 한컴라이프케어
[784/829] updated 373220.KS LG에너지솔루션
[785/829] updated 375500.KS DL이앤씨
[786/829] updated 377190.KS 디앤디플랫폼리츠
[787/829] updated 377300.KS 카카오페이
[788/829] updated 377740.KS 바이오노트
[789/829] updated 378850.KS 화승알앤에이
[790/829] updated 381970.KS 케이카
[791/829] updated 383220.KS F&F
[792/829] updated 383800.KS LX홀딩스
[793/829] updated 395400.KS SK리츠
[794/829] updated 396690.KS 미래에셋글로벌리츠
[795/829] updated 400760.KS NH올원리츠
[796/829] updated 402340.KS SK스퀘어
[797/829] updated 403550.KS 쏘카
[798/829] updated 404990.KS 신한서부티엔디리츠
[799/829] updated 415640.KS KB발해인프라
[800/829] updated 417310.KS 코람코더원리츠
[801/829] updated 432320.KS KB스타리츠
[802/829] updated 439260.KS 대한조선
[803/829] updated 443060.KS HD현대마린솔루션
[804/829] updated 446070.KS 유니드비티플러스
[805/829] updated 448730.KS 삼성FN리츠
[806/829] updated 450080.KS 에코프로머티
[807/829] updated 451800.KS 한화리츠
[808/829] updated 452260.KS 한화갤러리아
[809/829] updated 453340.KS 현대그린푸드
[810/829] updated 454910.KS 두산로보틱스
[811/829] updated 456040.KS OCI
[812/829] updated 457190.KS 이수스페셜티케미컬
[813/829] updated 460850.KS 동국씨엠
[814/829] updated 460860.KS 동국제강
[815/829] updated 462520.KS 조선내화
[816/829] updated 462870.KS 시프트업
[817/829] updated 465770.KS STX그린로지스
[818/829] updated 475150.KS SK이터닉스
[819/829] updated 475560.KS 더본코리아
[820/829] updated 480370.KS 씨케이솔루션
[821/829] updated 481850.KS 신한글로벌액티브리츠
[822/829] updated 483650.KS 달바글로벌
[823/829] updated 484870.KS 엠앤씨솔루션
[824/829] updated 487570.KS HS효성
[825/829] updated 489790.KS 한화비전
[826/829] updated 499790.KS GS피앤엘
[827/829] updated 900140.KS 엘브이엠씨
[828/829] updated 950140.KS 잉글우드랩
[829/829] updated 950210.KS 프레스티지바이오파마
Updated 829, skipped 0, total 829.
[1/287] updated 000250.KQ 삼천당제약
[2/287] updated 003380.KQ 하림지주
[3/287] updated 005290.KQ 동진쎄미켐
[4/287] updated 007390.KQ 네이처셀
[5/287] updated 009520.KQ 포스코엠텍
[6/287] updated 010170.KQ 대한광통신
[7/287] updated 014620.KQ 성광벤드
[8/287] updated 018290.KQ 브이티
[9/287] updated 019210.KQ 와이지-원
[10/287] updated 021040.KQ 대호특수강
[11/287] updated 024060.KQ 흥구석유
[12/287] updated 024850.KQ HLB이노베이션
[13/287] updated 027360.KQ 아주IB투자
[14/287] updated 028300.KQ HLB
[15/287] updated 030520.KQ 한글과컴퓨터
[16/287] updated 030530.KQ 원익홀딩스
[17/287] updated 031980.KQ 피에스케이홀딩스
[18/287] updated 032190.KQ 다우데이타
[19/287] updated 032500.KQ 케이엠더블유
[20/287] updated 032620.KQ GC메디아이
[21/287] updated 032820.KQ 우리기술
[22/287] updated 032850.KQ 비트컴퓨터
[23/287] updated 033100.KQ 제룡전기
[24/287] updated 033230.KQ 인성정보
[25/287] updated 033500.KQ 동성화인텍
[26/287] updated 033640.KQ 네패스
[27/287] updated 033790.KQ 피노
[28/287] updated 035080.KQ 그래디언트
[29/287] updated 035600.KQ KG이니시스
[30/287] updated 035760.KQ CJ ENM
[31/287] updated 035890.KQ 서희건설
[32/287] updated 035900.KQ JYP Ent.
[33/287] updated 036540.KQ SFA반도체
[34/287] updated 036810.KQ 에프에스티
[35/287] updated 036830.KQ 솔브레인홀딩스
[36/287] updated 036930.KQ 주성엔지니어링
[37/287] updated 038500.KQ 삼표시멘트
[38/287] updated 039030.KQ 이오테크닉스
[39/287] updated 039200.KQ 오스코텍
[40/287] updated 039440.KQ 에스티아이
[41/287] updated 039560.KQ 다산네트웍스
[42/287] updated 039840.KQ 디오
[43/287] updated 041510.KQ 에스엠
[44/287] updated 041830.KQ 인바디
[45/287] updated 041920.KQ 메디아나
[46/287] updated 042510.KQ 라온시큐어
[47/287] updated 042940.KQ 상지건설
[48/287] updated 043150.KQ 바텍
[49/287] updated 043260.KQ 성호전자
[50/287] updated 045970.KQ 코아시아
[51/287] updated 047310.KQ 파워로직스
[52/287] updated 048410.KQ 현대바이오
[53/287] updated 050860.KQ 아세아텍
[54/287] updated 050890.KQ 쏠리드
[55/287] updated 051360.KQ 토비스
[56/287] updated 052400.KQ 코나아이
[57/287] updated 052710.KQ 아모텍
[58/287] updated 053030.KQ 바이넥스
[59/287] updated 053300.KQ 한국정보인증
[60/287] updated 053350.KQ 이니텍
[61/287] updated 053450.KQ 세코닉스
[62/287] updated 053580.KQ 웹케시
[63/287] updated 053610.KQ 프로텍
[64/287] updated 053800.KQ 안랩
[65/287] updated 054050.KQ NH농우바이오
[66/287] updated 054450.KQ 텔레칩스
[67/287] updated 054620.KQ APS
[68/287] updated 054940.KQ 엑사이엔씨
[69/287] updated 056080.KQ 유진로봇
[70/287] updated 056190.KQ 에스에프에이
[71/287] updated 056360.KQ 코위버
[72/287] updated 058470.KQ 리노공업
[73/287] updated 058610.KQ 에스피지
[74/287] updated 059090.KQ 미코
[75/287] updated 060250.KQ NHN KCP
[76/287] updated 060280.KQ 큐렉소
[77/287] updated 060370.KQ LS마린솔루션
[78/287] updated 064290.KQ 인텍플러스
[79/287] updated 064550.KQ 바이오니아
[80/287] updated 064760.KQ 티씨케이
[81/287] updated 064850.KQ 에프앤가이드
[82/287] updated 065350.KQ 신성델타테크
[83/287] updated 065450.KQ 빅텍
[84/287] updated 067000.KQ 조이시티
[85/287] updated 067160.KQ SOOP
[86/287] updated 067310.KQ 하나마이크론
[87/287] updated 067390.KQ 아스트
[88/287] updated 068760.KQ 셀트리온제약
[89/287] updated 069080.KQ 웹젠
[90/287] updated 073010.KQ 케이에스피
[91/287] updated 076080.KQ 웰크론한텍
[92/287] updated 078160.KQ 메디포스트
[93/287] updated 078340.KQ 컴투스
[94/287] updated 078600.KQ 대주전자재료
[95/287] updated 080220.KQ 제주반도체
[96/287] updated 082270.KQ 젬백스
[97/287] updated 082920.KQ 비츠로셀
[98/287] updated 083450.KQ GST
[99/287] updated 083650.KQ 비에이치아이
[100/287] updated 084370.KQ 유진테크
[101/287] updated 084730.KQ 팅크웨어
[102/287] updated 085660.KQ 차바이오텍
[103/287] updated 086450.KQ 동국제약
[104/287] updated 086520.KQ 에코프로
[105/287] updated 086900.KQ 메디톡스
[106/287] updated 087010.KQ 펩트론
[107/287] updated 089030.KQ 테크윙
[108/287] updated 089890.KQ 코세스
[109/287] updated 089970.KQ 브이엠
[110/287] updated 090360.KQ 로보스타
[111/287] updated 090710.KQ 휴림로봇
[112/287] updated 091700.KQ 파트론
[113/287] updated 092040.KQ 아미코젠
[114/287] updated 092190.KQ 서울바이오시스
[115/287] updated 093320.KQ 케이아이엔엑스
[116/287] updated 094170.KQ 동운아나텍
[117/287] updated 094360.KQ 칩스앤미디어
[118/287] updated 095340.KQ ISC
[119/287] updated 095610.KQ 테스
[120/287] updated 095660.KQ 네오위즈
[121/287] updated 095700.KQ 제넥신
[122/287] updated 098460.KQ 고영
[123/287] updated 099190.KQ 아이센스
[124/287] updated 099320.KQ 쎄트렉아이
[125/287] updated 099750.KQ 이지케어텍
[126/287] updated 100790.KQ 미래에셋벤처투자
[127/287] updated 101490.KQ 에스앤에스텍
[128/287] updated 102120.KQ 어보브반도체
[129/287] updated 102710.KQ 이엔에프테크놀로지
[130/287] updated 102940.KQ 코오롱생명과학
[131/287] updated 104830.KQ 원익머트리얼즈
[132/287] updated 108490.KQ 로보티즈
[133/287] updated 108860.KQ 셀바스AI
[134/287] updated 110990.KQ 디아이티
[135/287] updated 112040.KQ 위메이드
[136/287] updated 112290.KQ 와이씨켐
[137/287] updated 115500.KQ 케이씨에스
[138/287] updated 117730.KQ 티로보틱스
[139/287] updated 121600.KQ 나노신소재
[140/287] updated 121850.KQ 코이즈
[141/287] updated 122640.KQ 예스티
[142/287] updated 122870.KQ 와이지엔터테인먼트
[143/287] updated 122990.KQ 와이솔
[144/287] updated 123040.KQ 엠에스오토텍
[145/287] updated 123860.KQ 아나패스
[146/287] updated 124500.KQ 아이티센글로벌
[147/287] updated 124560.KQ 태웅로직스
[148/287] updated 125490.KQ 한라캐스트
[149/287] updated 126340.KQ 비나텍
[150/287] updated 127120.KQ 제이에스링크
[151/287] updated 131090.KQ 시큐브
[152/287] updated 131290.KQ 티에스이
[153/287] updated 131970.KQ 두산테스나
[154/287] updated 136540.KQ 윈스테크넷
[155/287] updated 137400.KQ 피엔티
[156/287] updated 138080.KQ 오이솔루션
[157/287] updated 140860.KQ 파크시스템스
[158/287] updated 141080.KQ 리가켐바이오
[159/287] updated 145020.KQ 휴젤
[160/287] updated 150900.KQ 파수AI
[161/287] updated 160190.KQ 하이젠알앤엠
[162/287] updated 166090.KQ 하나머티리얼즈
[163/287] updated 168360.KQ 펨트론
[164/287] updated 170790.KQ 파이오링크
[165/287] updated 170920.KQ 엘티씨
[166/287] updated 171090.KQ 선익시스템
[167/287] updated 174900.KQ 앱클론
[168/287] updated 178320.KQ 서진시스템
[169/287] updated 186230.KQ 그린플러스
[170/287] updated 189300.KQ 인텔리안테크
[171/287] updated 194480.KQ 데브시스터즈
[172/287] updated 194700.KQ 노바렉스
[173/287] updated 196170.KQ 알테오젠
[174/287] updated 199820.KQ 제일일렉트릭
[175/287] updated 200130.KQ 콜마비앤에이치
[176/287] updated 200710.KQ 에이디테크놀로지
[177/287] updated 203650.KQ 드림시큐리티
[178/287] updated 211270.KQ AP위성
[179/287] updated 213420.KQ 덕산네오룩스
[180/287] updated 214150.KQ 클래시스
[181/287] updated 214370.KQ 케어젠
[182/287] updated 214430.KQ 아이쓰리시스템
[183/287] updated 214450.KQ 파마리서치
[184/287] updated 218410.KQ RFHIC
[185/287] updated 222080.KQ 씨아이에스
[186/287] updated 222800.KQ 심텍
[187/287] updated 225570.KQ 넥슨게임즈
[188/287] updated 226950.KQ 올릭스
[189/287] updated 234300.KQ 에스트래픽
[190/287] updated 237690.KQ 에스티팜
[191/287] updated 237880.KQ 클리오
[192/287] updated 240810.KQ 원익IPS
[193/287] updated 241710.KQ 코스메카코리아
[194/287] updated 247540.KQ 에코프로비엠
[195/287] updated 252990.KQ 샘씨엔에스
[196/287] updated 253450.KQ 스튜디오드래곤
[197/287] updated 253840.KQ 수젠텍
[198/287] updated 257720.KQ 실리콘투
[199/287] updated 259630.KQ 엠플러스
[200/287] updated 263720.KQ 디앤씨미디어
[201/287] updated 263750.KQ 펄어비스
[202/287] updated 270660.KQ 에브리봇
[203/287] updated 272290.KQ 이녹스첨단소재
[204/287] updated 274090.KQ 켄코아에어로스페이스
[205/287] updated 277810.KQ 레인보우로보틱스
[206/287] updated 278280.KQ 천보
[207/287] updated 282720.KQ 금양그린파워
[208/287] updated 282880.KQ 코윈테크
[209/287] updated 287840.KQ 인투셀
[210/287] updated 293490.KQ 카카오게임즈
[211/287] updated 298060.KQ 풍전약품
[212/287] updated 298380.KQ 에이비엘바이오
[213/287] skip 302920.KQ 더콘텐츠온: no data
[214/287] updated 304100.KQ 솔트룩스
[215/287] updated 310210.KQ 보로노이
[216/287] updated 315640.KQ 딥노이드
[217/287] updated 317330.KQ 덕산테코피아
[218/287] updated 319400.KQ 현대무벡스
[219/287] updated 319660.KQ 피에스케이
[220/287] updated 321370.KQ 센서뷰
[221/287] updated 322310.KQ 오로스테크놀로지
[222/287] updated 323280.KQ 태성
[223/287] updated 327260.KQ RF머트리얼즈
[224/287] updated 328130.KQ 루닛
[225/287] updated 336570.KQ 원텍
[226/287] updated 338220.KQ 뷰노
[227/287] updated 347700.KQ 스피어
[228/287] updated 347850.KQ 디앤디파마텍
[229/287] updated 348210.KQ 넥스틴
[230/287] updated 348340.KQ 뉴로메카
[231/287] updated 348370.KQ 엔켐
[232/287] updated 352480.KQ 씨앤씨인터내셔널
[233/287] updated 354320.KQ 알멕
[234/287] updated 356860.KQ 티엘비
[235/287] updated 357780.KQ 솔브레인
[236/287] updated 358570.KQ 지아이이노베이션
[237/287] updated 365340.KQ 성일하이텍
[238/287] updated 368770.KQ 파이버프로
[239/287] updated 372170.KQ 윤성에프앤씨
[240/287] updated 373200.KQ 엑스플러스
[241/287] updated 376300.KQ 디어유
[242/287] updated 376900.KQ 로킷헬스케어
[243/287] updated 377330.KQ 이지트로닉스
[244/287] updated 377480.KQ 마음AI
[245/287] updated 382800.KQ 지앤비에스 에코
[246/287] updated 382900.KQ 범한퓨얼셀
[247/287] updated 383310.KQ 에코프로에이치엔
[248/287] updated 388720.KQ 유일로보틱스
[249/287] updated 389030.KQ 지니너스
[250/287] updated 389470.KQ 인벤티지랩
[251/287] updated 389500.KQ 에스비비테크
[252/287] updated 393890.KQ 더블유씨피
[253/287] updated 394280.KQ 오픈엣지테크놀로지
[254/287] updated 396270.KQ 넥스트칩
[255/287] updated 397030.KQ 에이프릴바이오
[256/287] updated 399720.KQ 가온칩스
[257/287] updated 402030.KQ 코난테크놀로지
[258/287] updated 403490.KQ 우듬지팜
[259/287] updated 403870.KQ HPSP
[260/287] updated 405100.KQ 큐알티
[261/287] updated 411080.KQ 샌즈랩
[262/287] updated 417200.KQ LS머트리얼즈
[263/287] updated 417840.KQ 저스템
[264/287] updated 420770.KQ 기가비스
[265/287] updated 424870.KQ 이뮨온시아
[266/287] updated 424980.KQ 마이크로투나노
[267/287] updated 432720.KQ 퀄리타스반도체
[268/287] updated 437730.KQ 삼현
[269/287] updated 439090.KQ 마녀공장
[270/287] updated 440110.KQ 파두
[271/287] updated 445680.KQ 큐리옥스바이오시스템즈
[272/287] updated 455900.KQ 엔젤로보틱스
[273/287] updated 456010.KQ 아이씨티케이
[274/287] updated 456160.KQ 지투지바이오
[275/287] updated 457370.KQ 한켐
[276/287] updated 458870.KQ 씨어스
[277/287] updated 459510.KQ 나우로보틱스
[278/287] updated 460930.KQ 현대힘스
[279/287] updated 466100.KQ 클로봇
[280/287] updated 474170.KQ 루미르
[281/287] updated 476040.KQ 오가노이드사이언스
[282/287] updated 486990.KQ 노타
[283/287] updated 488280.KQ 에스투더블유
[284/287] updated 490470.KQ 세미파이브
[285/287] updated 493280.KQ 아이엠바이오로직스
[286/287] updated 950140.KQ 잉글우드랩
[287/287] updated 950170.KQ JTC
Updated 286, skipped 1, total 287.
V4 scores rebuilt through 2026-06-24: 1116 updated, 0 skipped, market regime 36.2.
000020.KS 동화약품: 뉴스 10건, 공시 20건, 감성 65.7
000040.KS KR모터스: 뉴스 4건, 공시 20건, 감성 54.2
000050.KS 경방: 뉴스 2건, 공시 20건, 감성 61.1
000070.KS 삼양홀딩스: 뉴스 2건, 공시 20건, 감성 53.7
000080.KS 하이트진로: 뉴스 16건, 공시 20건, 감성 62.9
000100.KS 유한양행: 뉴스 13건, 공시 20건, 감성 47.0
000120.KS CJ대한통운: 뉴스 8건, 공시 20건, 감성 39.7
000140.KS 하이트진로홀딩스: 뉴스 5건, 공시 20건, 감성 42.3
000150.KS 두산: 뉴스 3건, 공시 20건, 감성 65.2
000180.KS 성창기업지주: 뉴스 3건, 공시 20건, 감성 33.2
000210.KS DL: 뉴스 8건, 공시 20건, 감성 43.8
000220.KS 유유제약: 뉴스 9건, 공시 20건, 감성 71.8
000230.KS 일동홀딩스: 뉴스 5건, 공시 20건, 감성 47.1
000240.KS 한국앤컴퍼니: 뉴스 4건, 공시 20건, 감성 62.1
000250.KQ 삼천당제약: 뉴스 20건, 공시 20건, 감성 65.0
000270.KS 기아: 뉴스 8건, 공시 20건, 감성 63.8
000300.KS DH오토넥스: 뉴스 4건, 공시 20건, 감성 25.8
000320.KS 노루홀딩스: 뉴스 4건, 공시 20건, 감성 65.1
000370.KS 한화손해보험: 뉴스 3건, 공시 20건, 감성 45.6
000390.KS SP삼화: 뉴스 16건, 공시 20건, 감성 70.7
000400.KS 롯데손해보험: 뉴스 10건, 공시 20건, 감성 66.9
000430.KS 대원강업: 뉴스 16건, 공시 20건, 감성 59.5
000480.KS 시알홀딩스: 뉴스 0건, 공시 20건, 감성 None
000490.KS 대동: 뉴스 0건, 공시 20건, 감성 None
000500.KS 가온전선: 뉴스 19건, 공시 20건, 감성 74.0
000520.KS 삼일제약: 뉴스 16건, 공시 20건, 감성 70.1
000540.KS 흥국화재: 뉴스 8건, 공시 20건, 감성 41.5
000590.KS CS홀딩스: 뉴스 1건, 공시 20건, 감성 43.1
000640.KS 동아쏘시오홀딩스: 뉴스 11건, 공시 20건, 감성 59.3
000650.KS 천일고속: 뉴스 19건, 공시 16건, 감성 72.2
000660.KS SK하이닉스: 뉴스 21건, 공시 20건, 감성 68.4
000670.KS 영풍: 뉴스 11건, 공시 20건, 감성 22.4
000680.KS LS네트웍스: 뉴스 3건, 공시 20건, 감성 41.1
000700.KS 유수홀딩스: 뉴스 0건, 공시 20건, 감성 None
000720.KS 현대건설: 뉴스 3건, 공시 20건, 감성 58.9
000760.KS 이화산업: 뉴스 2건, 공시 15건, 감성 35.9
000810.KS 삼성화재해상보험: 뉴스 5건, 공시 20건, 감성 32.8
000850.KS 화천기공: 뉴스 18건, 공시 13건, 감성 76.6
000860.KS 강남제비스코: 뉴스 2건, 공시 20건, 감성 61.1
000880.KS 한화: 뉴스 14건, 공시 20건, 감성 53.2
000890.KS 보해양조: 뉴스 27건, 공시 20건, 감성 78.0
000910.KS 유니온: 뉴스 0건, 공시 20건, 감성 None
000950.KS 전방: 뉴스 0건, 공시 20건, 감성 None
000970.KS 한국주철관공업: 뉴스 1건, 공시 20건, 감성 56.9
000990.KS DB하이텍: 뉴스 17건, 공시 20건, 감성 67.1
001020.KS 페이퍼코리아: 뉴스 13건, 공시 20건, 감성 50.5
001040.KS CJ: 뉴스 8건, 공시 20건, 감성 46.3
001060.KS JW중외제약: 뉴스 15건, 공시 20건, 감성 60.8
001070.KS 대한방직: 뉴스 7건, 공시 20건, 감성 63.3
001080.KS 만호제강: 뉴스 17건, 공시 20건, 감성 68.6
001120.KS LX인터내셔널: 뉴스 4건, 공시 20건, 감성 46.2
001130.KS 대한제분: 뉴스 13건, 공시 20건, 감성 34.4
001200.KS 유진증권: 뉴스 8건, 공시 20건, 감성 61.0
001210.KS 금호전기: 뉴스 5건, 공시 20건, 감성 42.2
001230.KS 동국홀딩스: 뉴스 25건, 공시 20건, 감성 66.4
001250.KS GS글로벌: 뉴스 9건, 공시 20건, 감성 58.4
001260.KS 남광토건: 뉴스 11건, 공시 20건, 감성 68.3
001270.KS 부국증권: 뉴스 11건, 공시 20건, 감성 60.9
001290.KS 상상인증권: 뉴스 7건, 공시 20건, 감성 51.8
001340.KS PKC: 뉴스 6건, 공시 20건, 감성 66.4
001360.KS 삼성제약: 뉴스 1건, 공시 20건, 감성 39.2
001380.KS SG글로벌: 뉴스 2건, 공시 17건, 감성 41.8
001390.KS KG케미칼: 뉴스 5건, 공시 20건, 감성 66.4
001420.KS 태원물산: 뉴스 15건, 공시 20건, 감성 39.4
001430.KS 세아베스틸지주: 뉴스 10건, 공시 20건, 감성 68.5
001440.KS 대한전선: 뉴스 15건, 공시 20건, 감성 67.7
001450.KS 현대해상: 뉴스 15건, 공시 20건, 감성 61.9
001460.KS BYC: 뉴스 7건, 공시 20건, 감성 64.3
001500.KS 현대차증권: 뉴스 14건, 공시 20건, 감성 56.2
001510.KS SK증권: 뉴스 12건, 공시 20건, 감성 61.0
001520.KS 동양: 뉴스 5건, 공시 20건, 감성 57.5
001530.KS 디아이동일: 뉴스 4건, 공시 20건, 감성 43.7
001550.KS 조비: 뉴스 4건, 공시 20건, 감성 52.4
001560.KS 제일연마: 뉴스 3건, 공시 16건, 감성 61.8
001620.KS 케이비아이동국실업: 뉴스 2건, 공시 20건, 감성 52.3
001630.KS 종근당홀딩스: 뉴스 18건, 공시 20건, 감성 64.6
001680.KS 대상: 뉴스 0건, 공시 20건, 감성 None
001720.KS 신영증권: 뉴스 18건, 공시 20건, 감성 58.0
001740.KS SK네트웍스: 뉴스 20건, 공시 20건, 감성 63.9
001750.KS 한양증권: 뉴스 8건, 공시 20건, 감성 22.0
001770.KS SHD: 뉴스 18건, 공시 16건, 감성 30.9
001780.KS 알루코: 뉴스 3건, 공시 20건, 감성 47.0
001790.KS 대한제당: 뉴스 10건, 공시 20건, 감성 36.2
001800.KS 오리온홀딩스: 뉴스 2건, 공시 20건, 감성 50.0
001820.KS 삼화콘덴서공업: 뉴스 7건, 공시 20건, 감성 30.9
001940.KS KISCO홀딩스: 뉴스 6건, 공시 20건, 감성 64.0
002020.KS 코오롱: 뉴스 22건, 공시 20건, 감성 73.6
002030.KS 아세아: 뉴스 5건, 공시 20건, 감성 45.9
002070.KS 비비안: 뉴스 15건, 공시 20건, 감성 70.3
002100.KS 경농: 뉴스 4건, 공시 20건, 감성 61.3
002140.KS 고려산업: 뉴스 0건, 공시 20건, 감성 None
002150.KS 도화엔지니어링: 뉴스 10건, 공시 20건, 감성 74.5
002170.KS SYTS: 뉴스 3건, 공시 20건, 감성 56.7
002200.KS 한국수출포장공업: 뉴스 0건, 공시 20건, 감성 None
002220.KS 한일철강: 뉴스 10건, 공시 20건, 감성 63.9
002240.KS 고려제강: 뉴스 4건, 공시 20건, 감성 58.4
002310.KS 아세아제지: 뉴스 4건, 공시 20건, 감성 54.0
002320.KS 한진: 뉴스 1건, 공시 20건, 감성 50.0
002350.KS 넥센타이어: 뉴스 14건, 공시 20건, 감성 73.8
002360.KS SH에너지화학: 뉴스 6건, 공시 20건, 감성 26.0
002380.KS 케이씨씨: 뉴스 0건, 공시 20건, 감성 None
002390.KS 한독: 뉴스 6건, 공시 20건, 감성 58.0
002420.KS 세기상사: 뉴스 0건, 공시 20건, 감성 None
002450.KS 삼익악기: 뉴스 2건, 공시 20건, 감성 58.2
002460.KS HS화성: 뉴스 11건, 공시 20건, 감성 76.5
002600.KS 조흥: 뉴스 3건, 공시 20건, 감성 59.4
002620.KS 제일파마홀딩스: 뉴스 3건, 공시 18건, 감성 53.2
002630.KS 오리엔트바이오: 뉴스 16건, 공시 20건, 감성 63.3
002690.KS 동일제강: 뉴스 5건, 공시 20건, 감성 48.6
002700.KS 신일전자: 뉴스 10건, 공시 20건, 감성 63.0
002710.KS TCC스틸: 뉴스 11건, 공시 20건, 감성 48.7
002720.KS 국제약품: 뉴스 11건, 공시 20건, 감성 52.5
002760.KS 보락: 뉴스 1건, 공시 20건, 감성 35.2
002780.KS 진흥기업: 뉴스 8건, 공시 20건, 감성 67.9
002790.KS 아모레퍼시픽홀딩스: 뉴스 2건, 공시 20건, 감성 50.0
002810.KS 삼영무역: 뉴스 1건, 공시 20건, 감성 54.9
002820.KS SUN&L: 뉴스 0건, 공시 20건, 감성 None
002840.KS 미원상사: 뉴스 3건, 공시 20건, 감성 52.7
002870.KS 신풍: 뉴스 1건, 공시 20건, 감성 50.0
002880.KS 디와이에이: 뉴스 12건, 공시 20건, 감성 79.3
002900.KS TYM: 뉴스 16건, 공시 20건, 감성 70.0
002920.KS 유성기업: 뉴스 1건, 공시 12건, 감성 38.2
002960.KS 한국쉘석유: 뉴스 0건, 공시 20건, 감성 None
002990.KS 금호건설: 뉴스 12건, 공시 20건, 감성 76.1
003000.KS 부광약품: 뉴스 4건, 공시 20건, 감성 58.4
003010.KS 혜인: 뉴스 2건, 공시 20건, 감성 59.7
003030.KS 세아제강지주: 뉴스 16건, 공시 20건, 감성 63.4
003060.KS 에이프로젠바이오로직스: 뉴스 9건, 공시 20건, 감성 54.1
003070.KS 코오롱글로벌: 뉴스 6건, 공시 20건, 감성 68.9
003080.KS SB성보: 뉴스 0건, 공시 20건, 감성 None
003090.KS 대웅: 뉴스 9건, 공시 20건, 감성 68.5
0030R0.KS 대신밸류리츠: 뉴스 0건, 공시 20건, 감성 None
003120.KS 일성아이에스: 뉴스 17건, 공시 18건, 감성 63.9
003160.KS 디아이: 뉴스 23건, 공시 20건, 감성 75.1
003200.KS 일신방직: 뉴스 2건, 공시 20건, 감성 61.1
003220.KS 대원제약: 뉴스 6건, 공시 20건, 감성 48.4
003230.KS 삼양식품: 뉴스 5건, 공시 20건, 감성 67.4
003240.KS 태광산업: 뉴스 5건, 공시 20건, 감성 45.6
003280.KS 흥아해운: 뉴스 8건, 공시 20건, 감성 54.1
003300.KS 한일홀딩스: 뉴스 5건, 공시 20건, 감성 54.4
003350.KS 한국화장품제조: 뉴스 0건, 공시 20건, 감성 None
003380.KQ 하림지주: 뉴스 4건, 공시 20건, 감성 48.0
003460.KS 유화증권: 뉴스 13건, 공시 20건, 감성 69.6
003470.KS 유안타증권: 뉴스 19건, 공시 20건, 감성 73.3
003480.KS 한진중공업홀딩스: 뉴스 0건, 공시 20건, 감성 None
003490.KS 대한항공: 뉴스 14건, 공시 20건, 감성 64.9
003520.KS 영진약품: 뉴스 9건, 공시 20건, 감성 60.4
003530.KS 한화투자증권: 뉴스 11건, 공시 20건, 감성 78.4
003540.KS 대신증권: 뉴스 20건, 공시 20건, 감성 80.9
003550.KS LG: 뉴스 12건, 공시 20건, 감성 60.1
003570.KS SNT다이내믹스: 뉴스 15건, 공시 20건, 감성 62.1
003580.KS HLB글로벌: 뉴스 14건, 공시 20건, 감성 60.6
003610.KS 방림: 뉴스 0건, 공시 20건, 감성 None
003620.KS KG모빌리티: 뉴스 9건, 공시 20건, 감성 61.9
003650.KS 미창석유공업: 뉴스 0건, 공시 20건, 감성 None
